<?xml version="1.0" encoding="UTF-8"?>
<!-- Generated by org.testng.reporters.JUnitReportReporter -->
<testsuite hostname="DESKTOP-FP3OQCD" failures="0" tests="1" name="com.angelo.testng.TestNGExample" time="1.008" errors="0" timestamp="2021-07-26T20:39:40 COT" skipped="0">
  <testcase classname="com.angelo.testng.TestNGExample" name="searchBlouses" time="1.008"/>
  <system-out/>
</testsuite> <!-- com.angelo.testng.TestNGExample -->
